TN:
SF:cypress/integration/Header.spec.js
FN:1,(anonymous_0)
FN:2,(anonymous_1)
FN:8,(anonymous_2)
FN:13,(anonymous_3)
FN:18,(anonymous_4)
FN:23,(anonymous_5)
FN:33,(anonymous_6)
FNF:7
FNH:7
FNDA:1,(anonymous_0)
FNDA:1,(anonymous_1)
FNDA:1,(anonymous_2)
FNDA:1,(anonymous_3)
FNDA:1,(anonymous_4)
FNDA:1,(anonymous_5)
FNDA:1,(anonymous_6)
DA:1,1
DA:2,1
DA:3,1
DA:4,0
DA:5,0
DA:8,1
DA:9,1
DA:10,0
DA:13,1
DA:14,1
DA:15,0
DA:18,1
DA:19,1
DA:20,0
DA:23,1
DA:24,1
DA:25,0
DA:26,0
DA:27,0
DA:28,0
DA:29,0
DA:33,1
DA:34,1
DA:35,0
LF:24
LH:13
BRF:0
BRH:0
end_of_record
TN:
SF:cypress/integration/Quiz.spec.js
FN:1,(anonymous_0)
FN:2,(anonymous_1)
FN:6,(anonymous_2)
FN:19,(anonymous_3)
FN:25,(anonymous_4)
FN:37,(anonymous_5)
FN:47,(anonymous_6)
FNF:7
FNH:7
FNDA:1,(anonymous_0)
FNDA:1,(anonymous_1)
FNDA:1,(anonymous_2)
FNDA:1,(anonymous_3)
FNDA:1,(anonymous_4)
FNDA:1,(anonymous_5)
FNDA:1,(anonymous_6)
DA:1,1
DA:2,1
DA:3,1
DA:6,1
DA:8,1
DA:10,0
DA:14,0
DA:19,1
DA:20,1
DA:21,0
DA:22,0
DA:25,1
DA:26,1
DA:28,1
DA:29,0
DA:31,0
DA:33,0
DA:37,1
DA:38,1
DA:39,1
DA:41,0
DA:42,0
DA:43,0
DA:47,1
DA:48,1
LF:25
LH:15
BRF:0
BRH:0
end_of_record
TN:
SF:cypress/integration/Results.spec.js
FN:1,(anonymous_0)
FN:2,(anonymous_1)
FN:16,(anonymous_2)
FN:20,(anonymous_3)
FN:24,(anonymous_4)
FN:28,(anonymous_5)
FN:32,(anonymous_6)
FN:37,(anonymous_7)
FN:41,(anonymous_8)
FN:45,(anonymous_9)
FN:49,(anonymous_10)
FN:53,(anonymous_11)
FN:57,(anonymous_12)
FNF:13
FNH:13
FNDA:1,(anonymous_0)
FNDA:1,(anonymous_1)
FNDA:1,(anonymous_2)
FNDA:1,(anonymous_3)
FNDA:1,(anonymous_4)
FNDA:1,(anonymous_5)
FNDA:1,(anonymous_6)
FNDA:1,(anonymous_7)
FNDA:1,(anonymous_8)
FNDA:1,(anonymous_9)
FNDA:1,(anonymous_10)
FNDA:1,(anonymous_11)
FNDA:1,(anonymous_12)
DA:1,1
DA:2,1
DA:3,1
DA:4,0
DA:16,1
DA:17,1
DA:18,0
DA:20,1
DA:21,1
DA:22,0
DA:24,1
DA:25,1
DA:26,0
DA:28,1
DA:29,1
DA:30,0
DA:32,1
DA:33,1
DA:34,0
DA:37,1
DA:38,1
DA:39,0
DA:41,1
DA:42,1
DA:43,0
DA:45,1
DA:46,1
DA:47,0
DA:49,1
DA:50,1
DA:51,0
DA:53,1
DA:54,1
DA:55,0
DA:57,1
DA:58,1
DA:59,0
LF:37
LH:25
BRF:0
BRH:0
end_of_record
