{"/Users/jan/Documents/lambda/labs22/sorting-hat-fe/src/redux/constants.js": {"path":"/Users/jan/Documents/lambda/labs22/sorting-hat-fe/src/redux/constants.js","statementMap":{"0":{"start":{"line":1,"column":34},"end":{"line":1,"column":54}},"1":{"start":{"line":2,"column":36},"end":{"line":2,"column":58}},"2":{"start":{"line":3,"column":33},"end":{"line":3,"column":52}},"3":{"start":{"line":5,"column":32},"end":{"line":5,"column":50}},"4":{"start":{"line":6,"column":34},"end":{"line":6,"column":54}},"5":{"start":{"line":7,"column":31},"end":{"line":7,"column":48}},"6":{"start":{"line":9,"column":32},"end":{"line":9,"column":50}},"7":{"start":{"line":10,"column":34},"end":{"line":10,"column":54}},"8":{"start":{"line":11,"column":31},"end":{"line":11,"column":48}},"9":{"start":{"line":13,"column":32},"end":{"line":13,"column":50}},"10":{"start":{"line":14,"column":34},"end":{"line":14,"column":54}},"11":{"start":{"line":15,"column":31},"end":{"line":15,"column":48}},"12":{"start":{"line":17,"column":21},"end":{"line":17,"column":28}},"13":{"start":{"line":19,"column":31},"end":{"line":19,"column":48}}},"fnMap":{},"branchMap":{},"s":{"0":1,"1":1,"2":1,"3":1,"4":1,"5":1,"6":1,"7":1,"8":1,"9":1,"10":1,"11":1,"12":1,"13":1},"f":{},"b":{},"_coverageSchema":"1a1c01bbd47fc00a2c39e90264f33305004495a9","hash":"daa00e92624642cca483c6cbd1187f8bf009839b"}
,"/Users/jan/Documents/lambda/labs22/sorting-hat-fe/src/redux/actions/getQuestions.js": {"path":"/Users/jan/Documents/lambda/labs22/sorting-hat-fe/src/redux/actions/getQuestions.js","statementMap":{"0":{"start":{"line":8,"column":28},"end":{"line":14,"column":1}},"1":{"start":{"line":8,"column":34},"end":{"line":14,"column":1}},"2":{"start":{"line":9,"column":2},"end":{"line":9,"column":41}},"3":{"start":{"line":10,"column":2},"end":{"line":13,"column":71}},"4":{"start":{"line":12,"column":17},"end":{"line":12,"column":76}},"5":{"start":{"line":13,"column":18},"end":{"line":13,"column":69}}},"fnMap":{"0":{"name":"(anonymous_0)","decl":{"start":{"line":8,"column":28},"end":{"line":8,"column":29}},"loc":{"start":{"line":8,"column":34},"end":{"line":14,"column":1}},"line":8},"1":{"name":"(anonymous_1)","decl":{"start":{"line":8,"column":34},"end":{"line":8,"column":35}},"loc":{"start":{"line":8,"column":46},"end":{"line":14,"column":1}},"line":8},"2":{"name":"(anonymous_2)","decl":{"start":{"line":12,"column":10},"end":{"line":12,"column":11}},"loc":{"start":{"line":12,"column":17},"end":{"line":12,"column":76}},"line":12},"3":{"name":"(anonymous_3)","decl":{"start":{"line":13,"column":11},"end":{"line":13,"column":12}},"loc":{"start":{"line":13,"column":18},"end":{"line":13,"column":69}},"line":13}},"branchMap":{},"s":{"0":1,"1":0,"2":0,"3":0,"4":0,"5":0},"f":{"0":0,"1":0,"2":0,"3":0},"b":{},"_coverageSchema":"1a1c01bbd47fc00a2c39e90264f33305004495a9","hash":"6dfccf12123058ba86c1adb47cdf153725094b9e"}
}
